# JRE version: Java(TM) SE Runtime Environment (24.0.2+12) (build 24.0.2+12-54)
# Java VM: Java HotSpot(TM) 64-Bit Server VM (24.0.2+12-54, mixed mode, sharing, tiered, compressed oops, compressed class ptrs, g1 gc, windows-amd64)
GC Precious Log:
 CardTable entry size: 512
 Card Set container configuration: InlinePtr #cards 4 size 8 Array Of Cards #cards 16 size 48 Howl #buckets 8 coarsen threshold 3686 Howl Bitmap #cards 512 size 80 coarsen threshold 460 Card regions per heap region 1 cards per card region 4096
 CPUs: 12 total, 12 available
 Memory: 16147M
 Large Page Support: Disabled
 NUMA Support: Disabled
 Compressed Oops: Enabled (Zero based)
 Heap Region Size: 2M
 Heap Min Capacity: 8M
 Heap Initial Capacity: 254M
 Heap Max Capacity: 4038M
 Pre-touch: Disabled
 Parallel Workers: 10
 Concurrent Workers: 3
 Concurrent Refinement Workers: 10
 Periodic GC: Disabled
Heap:
 garbage-first heap   total reserved 4134912K, committed 348160K, used 263570K [0x0000000703a00000, 0x0000000800000000)
  region size 2048K, 32 young (65536K), 3 survivors (6144K)
 Metaspace       used 35220K, committed 35648K, reserved 1114112K
  class space    used 4229K, committed 4416K, reserved 1048576K
GC Heap History (20 events):
Event: 12.853 GC heap before
{Heap before GC invocations=5 (full 0):
 garbage-first heap   total reserved 4134912K, committed 159744K, used 98304K [0x0000000703a00000, 0x0000000800000000)
  region size 2048K, 5 young (10240K), 4 survivors (8192K)
 Metaspace       used 29047K, committed 29312K, reserved 1114112K
  class space    used 3359K, committed 3456K, reserved 1048576K
}
Event: 12.856 GC heap after
{Heap after GC invocations=6 (full 0):
 garbage-first heap   total reserved 4134912K, committed 159744K, used 100391K [0x0000000703a00000, 0x0000000800000000)
  region size 2048K, 1 young (2048K), 1 survivors (2048K)
 Metaspace       used 29047K, committed 29312K, reserved 1114112K
  class space    used 3359K, committed 3456K, reserved 1048576K
}
Event: 13.043 GC heap before
{Heap before GC invocations=7 (full 0):
 garbage-first heap   total reserved 4134912K, committed 184320K, used 182311K [0x0000000703a00000, 0x0000000800000000)
  region size 2048K, 10 young (20480K), 1 survivors (2048K)
 Metaspace       used 30282K, committed 30528K, reserved 1114112K
  class space    used 3548K, committed 3648K, reserved 1048576K
}
Event: 13.047 GC heap after
{Heap after GC invocations=8 (full 0):
 garbage-first heap   total reserved 4134912K, committed 188416K, used 166679K [0x0000000703a00000, 0x0000000800000000)
  region size 2048K, 2 young (4096K), 2 survivors (4096K)
 Metaspace       used 30282K, committed 30528K, reserved 1114112K
  class space    used 3548K, committed 3648K, reserved 1048576K
}
Event: 13.096 GC heap before
{Heap before GC invocations=8 (full 0):
 garbage-first heap   total reserved 4134912K, committed 188416K, used 183063K [0x0000000703a00000, 0x0000000800000000)
  region size 2048K, 4 young (8192K), 2 survivors (4096K)
 Metaspace       used 30598K, committed 30912K, reserved 1114112K
  class space    used 3596K, committed 3712K, reserved 1048576K
}
Event: 13.099 GC heap after
{Heap after GC invocations=9 (full 0):
 garbage-first heap   total reserved 4134912K, committed 192512K, used 175095K [0x0000000703a00000, 0x0000000800000000)
  region size 2048K, 1 young (2048K), 1 survivors (2048K)
 Metaspace       used 30598K, committed 30912K, reserved 1114112K
  class space    used 3596K, committed 3712K, reserved 1048576K
}
Event: 13.477 GC heap before
{Heap before GC invocations=9 (full 0):
 garbage-first heap   total reserved 4134912K, committed 192512K, used 179191K [0x0000000703a00000, 0x0000000800000000)
  region size 2048K, 4 young (8192K), 1 survivors (2048K)
 Metaspace       used 30959K, committed 31232K, reserved 1114112K
  class space    used 3673K, committed 3776K, reserved 1048576K
}
Event: 13.479 GC heap after
{Heap after GC invocations=10 (full 0):
 garbage-first heap   total reserved 4134912K, committed 192512K, used 175542K [0x0000000703a00000, 0x0000000800000000)
  region size 2048K, 1 young (2048K), 1 survivors (2048K)
 Metaspace       used 30959K, committed 31232K, reserved 1114112K
  class space    used 3673K, committed 3776K, reserved 1048576K
}
Event: 14.856 GC heap before
{Heap before GC invocations=11 (full 0):
 garbage-first heap   total reserved 4134912K, committed 301056K, used 200118K [0x0000000703a00000, 0x0000000800000000)
  region size 2048K, 7 young (14336K), 1 survivors (2048K)
 Metaspace       used 31369K, committed 31744K, reserved 1114112K
  class space    used 3705K, committed 3840K, reserved 1048576K
}
Event: 14.858 GC heap after
{Heap after GC invocations=12 (full 0):
 garbage-first heap   total reserved 4134912K, committed 301056K, used 192767K [0x0000000703a00000, 0x0000000800000000)
  region size 2048K, 1 young (2048K), 1 survivors (2048K)
 Metaspace       used 31369K, committed 31744K, reserved 1114112K
  class space    used 3705K, committed 3840K, reserved 1048576K
}
Event: 16.925 GC heap before
{Heap before GC invocations=12 (full 0):
 garbage-first heap   total reserved 4134912K, committed 301056K, used 258303K [0x0000000703a00000, 0x0000000800000000)
  region size 2048K, 34 young (69632K), 1 survivors (2048K)
 Metaspace       used 33863K, committed 34240K, reserved 1114112K
  class space    used 4115K, committed 4288K, reserved 1048576K
}
Event: 16.937 GC heap after
{Heap after GC invocations=13 (full 0):
 garbage-first heap   total reserved 4134912K, committed 301056K, used 196072K [0x0000000703a00000, 0x0000000800000000)
  region size 2048K, 5 young (10240K), 5 survivors (10240K)
 Metaspace       used 33863K, committed 34240K, reserved 1114112K
  class space    used 4115K, committed 4288K, reserved 1048576K
}
Event: 23.507 GC heap before
{Heap before GC invocations=13 (full 0):
 garbage-first heap   total reserved 4134912K, committed 301056K, used 259560K [0x0000000703a00000, 0x0000000800000000)
  region size 2048K, 37 young (75776K), 5 survivors (10240K)
 Metaspace       used 34548K, committed 34944K, reserved 1114112K
  class space    used 4150K, committed 4352K, reserved 1048576K
}
Event: 23.515 GC heap after
{Heap after GC invocations=14 (full 0):
 garbage-first heap   total reserved 4134912K, committed 301056K, used 203898K [0x0000000703a00000, 0x0000000800000000)
  region size 2048K, 4 young (8192K), 4 survivors (8192K)
 Metaspace       used 34548K, committed 34944K, reserved 1114112K
  class space    used 4150K, committed 4352K, reserved 1048576K
}
Event: 31.298 GC heap before
{Heap before GC invocations=15 (full 0):
 garbage-first heap   total reserved 4134912K, committed 346112K, used 269434K [0x0000000703a00000, 0x0000000800000000)
  region size 2048K, 35 young (71680K), 4 survivors (8192K)
 Metaspace       used 34860K, committed 35200K, reserved 1114112K
  class space    used 4197K, committed 4352K, reserved 1048576K
}
Event: 31.303 GC heap after
{Heap after GC invocations=16 (full 0):
 garbage-first heap   total reserved 4134912K, committed 346112K, used 209504K [0x0000000703a00000, 0x0000000800000000)
  region size 2048K, 2 young (4096K), 2 survivors (4096K)
 Metaspace       used 34860K, committed 35200K, reserved 1114112K
  class space    used 4197K, committed 4352K, reserved 1048576K
}
Event: 42.100 GC heap before
{Heap before GC invocations=16 (full 0):
 garbage-first heap   total reserved 4134912K, committed 346112K, used 299616K [0x0000000703a00000, 0x0000000800000000)
  region size 2048K, 46 young (94208K), 2 survivors (4096K)
 Metaspace       used 35014K, committed 35456K, reserved 1114112K
  class space    used 4206K, committed 4416K, reserved 1048576K
}
Event: 42.105 GC heap after
{Heap after GC invocations=17 (full 0):
 garbage-first heap   total reserved 4134912K, committed 346112K, used 205876K [0x0000000703a00000, 0x0000000800000000)
  region size 2048K, 2 young (4096K), 2 survivors (4096K)
 Metaspace       used 35014K, committed 35456K, reserved 1114112K
  class space    used 4206K, committed 4416K, reserved 1048576K
}
Event: 53.139 GC heap before
{Heap before GC invocations=17 (full 0):
 garbage-first heap   total reserved 4134912K, committed 346112K, used 295988K [0x0000000703a00000, 0x0000000800000000)
  region size 2048K, 46 young (94208K), 2 survivors (4096K)
 Metaspace       used 35181K, committed 35584K, reserved 1114112K
  class space    used 4219K, committed 4416K, reserved 1048576K
}
Event: 53.143 GC heap after
{Heap after GC invocations=18 (full 0):
 garbage-first heap   total reserved 4134912K, committed 346112K, used 206226K [0x0000000703a00000, 0x0000000800000000)
  region size 2048K, 3 young (6144K), 3 survivors (6144K)
 Metaspace       used 35181K, committed 35584K, reserved 1114112K
  class space    used 4219K, committed 4416K, reserved 1048576K
}

